{"C:\\Users\\Julio Morales\\Documents\\homologacion-app\\config\\db.js": {"path":"C:\\Users\\Julio Morales\\Documents\\homologacion-app\\config\\db.js","statementMap":{"0":{"start":{"line":1,"column":0},"end":{"line":1,"column":27}},"1":{"start":{"line":2,"column":17},"end":{"line":2,"column":36}},"2":{"start":{"line":5,"column":0},"end":{"line":7,"column":1}},"3":{"start":{"line":6,"column":4},"end":{"line":6,"column":73}},"4":{"start":{"line":9,"column":17},"end":{"line":13,"column":1}},"5":{"start":{"line":17,"column":2},"end":{"line":24,"column":3}},"6":{"start":{"line":18,"column":23},"end":{"line":18,"column":61}},"7":{"start":{"line":20,"column":4},"end":{"line":20,"column":22}},"8":{"start":{"line":22,"column":4},"end":{"line":22,"column":53}},"9":{"start":{"line":23,"column":4},"end":{"line":23,"column":14}},"10":{"start":{"line":28,"column":0},"end":{"line":28,"column":35}}},"fnMap":{"0":{"name":"getConnection","decl":{"start":{"line":16,"column":15},"end":{"line":16,"column":28}},"loc":{"start":{"line":16,"column":31},"end":{"line":25,"column":1}},"line":16}},"branchMap":{"0":{"loc":{"start":{"line":5,"column":0},"end":{"line":7,"column":1}},"type":"if","locations":[{"start":{"line":5,"column":0},"end":{"line":7,"column":1}},{"start":{},"end":{}}],"line":5}},"s":{"0":3,"1":3,"2":3,"3":0,"4":3,"5":1,"6":1,"7":0,"8":1,"9":1,"10":3},"f":{"0":1},"b":{"0":[0,3]},"_coverageSchema":"1a1c01bbd47fc00a2c39e90264f33305004495a9","hash":"9abd5a8b34fb1629607aca0864a52ff6a9cb32f8"}
,"C:\\Users\\Julio Morales\\Documents\\homologacion-app\\controllers\\homologacionController.js": {"path":"C:\\Users\\Julio Morales\\Documents\\homologacion-app\\controllers\\homologacionController.js","statementMap":{"0":{"start":{"line":1,"column":22},"end":{"line":1,"column":58}},"1":{"start":{"line":2,"column":32},"end":{"line":2,"column":63}},"2":{"start":{"line":4,"column":25},"end":{"line":4,"column":29}},"3":{"start":{"line":7,"column":64},"end":{"line":7,"column":72}},"4":{"start":{"line":9,"column":2},"end":{"line":11,"column":3}},"5":{"start":{"line":10,"column":4},"end":{"line":10,"column":82}},"6":{"start":{"line":13,"column":22},"end":{"line":13,"column":24}},"7":{"start":{"line":14,"column":29},"end":{"line":14,"column":30}},"8":{"start":{"line":16,"column":2},"end":{"line":32,"column":3}},"9":{"start":{"line":17,"column":4},"end":{"line":31,"column":5}},"10":{"start":{"line":18,"column":29},"end":{"line":18,"column":83}},"11":{"start":{"line":19,"column":6},"end":{"line":30,"column":7}},"12":{"start":{"line":20,"column":65},"end":{"line":20,"column":82}},"13":{"start":{"line":21,"column":25},"end":{"line":21,"column":82}},"14":{"start":{"line":23,"column":8},"end":{"line":23,"column":41}},"15":{"start":{"line":24,"column":8},"end":{"line":29,"column":11}},"16":{"start":{"line":34,"column":24},"end":{"line":34,"column":64}},"17":{"start":{"line":35,"column":29},"end":{"line":37,"column":3}},"18":{"start":{"line":36,"column":4},"end":{"line":36,"column":84}},"19":{"start":{"line":36,"column":27},"end":{"line":36,"column":83}},"20":{"start":{"line":39,"column":24},"end":{"line":39,"column":77}},"21":{"start":{"line":40,"column":29},"end":{"line":40,"column":65}},"22":{"start":{"line":42,"column":20},"end":{"line":50,"column":3}},"23":{"start":{"line":52,"column":2},"end":{"line":52,"column":33}},"24":{"start":{"line":53,"column":2},"end":{"line":53,"column":22}},"25":{"start":{"line":56,"column":21},"end":{"line":64,"column":1}},"26":{"start":{"line":57,"column":2},"end":{"line":61,"column":3}},"27":{"start":{"line":58,"column":4},"end":{"line":60,"column":7}},"28":{"start":{"line":63,"column":2},"end":{"line":63,"column":54}},"29":{"start":{"line":66,"column":0},"end":{"line":69,"column":2}}},"fnMap":{"0":{"name":"calcularHomologacion","decl":{"start":{"line":6,"column":15},"end":{"line":6,"column":35}},"loc":{"start":{"line":6,"column":46},"end":{"line":54,"column":1}},"line":6},"1":{"name":"(anonymous_1)","decl":{"start":{"line":35,"column":50},"end":{"line":35,"column":51}},"loc":{"start":{"line":36,"column":4},"end":{"line":36,"column":84}},"line":36},"2":{"name":"(anonymous_2)","decl":{"start":{"line":36,"column":22},"end":{"line":36,"column":23}},"loc":{"start":{"line":36,"column":27},"end":{"line":36,"column":83}},"line":36},"3":{"name":"(anonymous_3)","decl":{"start":{"line":56,"column":21},"end":{"line":56,"column":22}},"loc":{"start":{"line":56,"column":35},"end":{"line":64,"column":1}},"line":56}},"branchMap":{"0":{"loc":{"start":{"line":9,"column":2},"end":{"line":11,"column":3}},"type":"if","locations":[{"start":{"line":9,"column":2},"end":{"line":11,"column":3}},{"start":{},"end":{}}],"line":9},"1":{"loc":{"start":{"line":9,"column":6},"end":{"line":9,"column":61}},"type":"binary-expr","locations":[{"start":{"line":9,"column":6},"end":{"line":9,"column":24}},{"start":{"line":9,"column":28},"end":{"line":9,"column":61}}],"line":9},"2":{"loc":{"start":{"line":17,"column":4},"end":{"line":31,"column":5}},"type":"if","locations":[{"start":{"line":17,"column":4},"end":{"line":31,"column":5}},{"start":{},"end":{}}],"line":17},"3":{"loc":{"start":{"line":19,"column":6},"end":{"line":30,"column":7}},"type":"if","locations":[{"start":{"line":19,"column":6},"end":{"line":30,"column":7}},{"start":{},"end":{}}],"line":19},"4":{"loc":{"start":{"line":57,"column":2},"end":{"line":61,"column":3}},"type":"if","locations":[{"start":{"line":57,"column":2},"end":{"line":61,"column":3}},{"start":{},"end":{}}],"line":57}},"s":{"0":2,"1":2,"2":2,"3":4,"4":4,"5":1,"6":3,"7":3,"8":3,"9":3,"10":2,"11":2,"12":2,"13":2,"14":2,"15":2,"16":3,"17":3,"18":6,"19":4,"20":3,"21":3,"22":3,"23":3,"24":3,"25":2,"26":1,"27":1,"28":0,"29":2},"f":{"0":4,"1":6,"2":4,"3":1},"b":{"0":[1,3],"1":[4,3],"2":[2,1],"3":[2,0],"4":[1,0]},"_coverageSchema":"1a1c01bbd47fc00a2c39e90264f33305004495a9","hash":"5722c82478828de5536a9ce3743a42c094da7c2a"}
,"C:\\Users\\Julio Morales\\Documents\\homologacion-app\\routes\\homologacionRoutes.js": {"path":"C:\\Users\\Julio Morales\\Documents\\homologacion-app\\routes\\homologacionRoutes.js","statementMap":{"0":{"start":{"line":1,"column":16},"end":{"line":1,"column":34}},"1":{"start":{"line":2,"column":15},"end":{"line":2,"column":31}},"2":{"start":{"line":3,"column":31},"end":{"line":3,"column":79}},"3":{"start":{"line":5,"column":0},"end":{"line":5,"column":83}},"4":{"start":{"line":6,"column":0},"end":{"line":6,"column":77}},"5":{"start":{"line":8,"column":0},"end":{"line":8,"column":24}}},"fnMap":{},"branchMap":{},"s":{"0":1,"1":1,"2":1,"3":1,"4":1,"5":1},"f":{},"b":{},"_coverageSchema":"1a1c01bbd47fc00a2c39e90264f33305004495a9","hash":"52cceeb430a3c9d5e032c0a962aaa2f3b0551cbf"}
,"C:\\Users\\Julio Morales\\Documents\\homologacion-app\\services\\oracleService.js": {"path":"C:\\Users\\Julio Morales\\Documents\\homologacion-app\\services\\oracleService.js","statementMap":{"0":{"start":{"line":1,"column":26},"end":{"line":1,"column":49}},"1":{"start":{"line":4,"column":21},"end":{"line":4,"column":42}},"2":{"start":{"line":5,"column":2},"end":{"line":13,"column":3}},"3":{"start":{"line":6,"column":19},"end":{"line":9,"column":5}},"4":{"start":{"line":10,"column":4},"end":{"line":10,"column":23}},"5":{"start":{"line":12,"column":4},"end":{"line":12,"column":29}},"6":{"start":{"line":17,"column":21},"end":{"line":17,"column":42}},"7":{"start":{"line":18,"column":2},"end":{"line":26,"column":3}},"8":{"start":{"line":19,"column":19},"end":{"line":22,"column":5}},"9":{"start":{"line":23,"column":4},"end":{"line":23,"column":54}},"10":{"start":{"line":25,"column":4},"end":{"line":25,"column":29}},"11":{"start":{"line":30,"column":21},"end":{"line":30,"column":42}},"12":{"start":{"line":31,"column":2},"end":{"line":36,"column":3}},"13":{"start":{"line":32,"column":19},"end":{"line":32,"column":90}},"14":{"start":{"line":33,"column":4},"end":{"line":33,"column":72}},"15":{"start":{"line":33,"column":35},"end":{"line":33,"column":69}},"16":{"start":{"line":35,"column":4},"end":{"line":35,"column":29}},"17":{"start":{"line":40,"column":21},"end":{"line":40,"column":42}},"18":{"start":{"line":41,"column":2},"end":{"line":46,"column":3}},"19":{"start":{"line":42,"column":19},"end":{"line":42,"column":85}},"20":{"start":{"line":43,"column":4},"end":{"line":43,"column":34}},"21":{"start":{"line":45,"column":4},"end":{"line":45,"column":29}},"22":{"start":{"line":49,"column":0},"end":{"line":54,"column":2}}},"fnMap":{"0":{"name":"buscarHomologacion","decl":{"start":{"line":3,"column":15},"end":{"line":3,"column":33}},"loc":{"start":{"line":3,"column":49},"end":{"line":14,"column":1}},"line":3},"1":{"name":"obtenerCreditosPorCodigo","decl":{"start":{"line":16,"column":15},"end":{"line":16,"column":39}},"loc":{"start":{"line":16,"column":48},"end":{"line":27,"column":1}},"line":16},"2":{"name":"obtenerPensumNuevo","decl":{"start":{"line":29,"column":15},"end":{"line":29,"column":33}},"loc":{"start":{"line":29,"column":36},"end":{"line":37,"column":1}},"line":29},"3":{"name":"(anonymous_3)","decl":{"start":{"line":33,"column":27},"end":{"line":33,"column":28}},"loc":{"start":{"line":33,"column":35},"end":{"line":33,"column":69}},"line":33},"4":{"name":"obtenerTotalCreditosPensumNuevo","decl":{"start":{"line":39,"column":15},"end":{"line":39,"column":46}},"loc":{"start":{"line":39,"column":49},"end":{"line":47,"column":1}},"line":39}},"branchMap":{"0":{"loc":{"start":{"line":23,"column":11},"end":{"line":23,"column":53}},"type":"cond-expr","locations":[{"start":{"line":23,"column":32},"end":{"line":23,"column":49}},{"start":{"line":23,"column":52},"end":{"line":23,"column":53}}],"line":23},"1":{"loc":{"start":{"line":43,"column":11},"end":{"line":43,"column":33}},"type":"binary-expr","locations":[{"start":{"line":43,"column":11},"end":{"line":43,"column":28}},{"start":{"line":43,"column":32},"end":{"line":43,"column":33}}],"line":43}},"s":{"0":3,"1":1,"2":1,"3":1,"4":1,"5":1,"6":1,"7":1,"8":1,"9":1,"10":1,"11":0,"12":0,"13":0,"14":0,"15":0,"16":0,"17":1,"18":1,"19":1,"20":1,"21":1,"22":3},"f":{"0":1,"1":1,"2":0,"3":0,"4":1},"b":{"0":[0,1],"1":[1,1]},"_coverageSchema":"1a1c01bbd47fc00a2c39e90264f33305004495a9","hash":"0488fd31e46ff6b7aa7e1f8804427985647a34a1"}
,"C:\\Users\\Julio Morales\\Documents\\homologacion-app\\utils\\pdfFromHtml.js": {"path":"C:\\Users\\Julio Morales\\Documents\\homologacion-app\\utils\\pdfFromHtml.js","statementMap":{"0":{"start":{"line":1,"column":18},"end":{"line":1,"column":38}},"1":{"start":{"line":2,"column":11},"end":{"line":2,"column":24}},"2":{"start":{"line":3,"column":13},"end":{"line":3,"column":28}},"3":{"start":{"line":6,"column":23},"end":{"line":6,"column":103}},"4":{"start":{"line":8,"column":16},"end":{"line":8,"column":106}},"5":{"start":{"line":10,"column":16},"end":{"line":17,"column":14}},"6":{"start":{"line":11,"column":4},"end":{"line":16,"column":10}},"7":{"start":{"line":20,"column":19},"end":{"line":20,"column":80}},"8":{"start":{"line":21,"column":21},"end":{"line":21,"column":70}},"9":{"start":{"line":22,"column":22},"end":{"line":22,"column":59}},"10":{"start":{"line":24,"column":20},"end":{"line":29,"column":45}},"11":{"start":{"line":31,"column":18},"end":{"line":31,"column":60}},"12":{"start":{"line":32,"column":15},"end":{"line":32,"column":38}},"13":{"start":{"line":33,"column":2},"end":{"line":33,"column":66}},"14":{"start":{"line":35,"column":20},"end":{"line":35,"column":75}},"15":{"start":{"line":36,"column":2},"end":{"line":36,"column":24}},"16":{"start":{"line":38,"column":2},"end":{"line":38,"column":51}},"17":{"start":{"line":39,"column":2},"end":{"line":39,"column":96}},"18":{"start":{"line":40,"column":2},"end":{"line":40,"column":22}},"19":{"start":{"line":43,"column":0},"end":{"line":43,"column":41}}},"fnMap":{"0":{"name":"generarPDFDesdeHTML","decl":{"start":{"line":5,"column":15},"end":{"line":5,"column":34}},"loc":{"start":{"line":5,"column":47},"end":{"line":41,"column":1}},"line":5},"1":{"name":"(anonymous_1)","decl":{"start":{"line":10,"column":47},"end":{"line":10,"column":48}},"loc":{"start":{"line":11,"column":4},"end":{"line":16,"column":10}},"line":11}},"branchMap":{},"s":{"0":3,"1":3,"2":3,"3":1,"4":1,"5":1,"6":1,"7":1,"8":1,"9":1,"10":1,"11":1,"12":1,"13":1,"14":1,"15":1,"16":1,"17":1,"18":1,"19":3},"f":{"0":1,"1":1},"b":{},"_coverageSchema":"1a1c01bbd47fc00a2c39e90264f33305004495a9","hash":"871a79bad893d1683008735dc26b91c94dcd3cdb"}
}
