TN:
SF:config\db.js
FN:16,getConnection
FNF:1
FNH:1
FNDA:1,getConnection
DA:1,3
DA:2,3
DA:5,3
DA:6,0
DA:9,3
DA:17,1
DA:18,1
DA:20,0
DA:22,1
DA:23,1
DA:28,3
LF:11
LH:9
BRDA:5,0,0,0
BRDA:5,0,1,3
BRF:2
BRH:1
end_of_record
TN:
SF:controllers\homologacionController.js
FN:6,calcularHomologacion
FN:35,(anonymous_1)
FN:36,(anonymous_2)
FN:56,(anonymous_3)
FNF:4
FNH:4
FNDA:4,calcularHomologacion
FNDA:6,(anonymous_1)
FNDA:4,(anonymous_2)
FNDA:1,(anonymous_3)
DA:1,2
DA:2,2
DA:4,2
DA:7,4
DA:9,4
DA:10,1
DA:13,3
DA:14,3
DA:16,3
DA:17,3
DA:18,2
DA:19,2
DA:20,2
DA:21,2
DA:23,2
DA:24,2
DA:34,3
DA:35,3
DA:36,6
DA:39,3
DA:40,3
DA:42,3
DA:52,3
DA:53,3
DA:56,2
DA:57,1
DA:58,1
DA:63,0
DA:66,2
LF:29
LH:28
BRDA:9,0,0,1
BRDA:9,0,1,3
BRDA:9,1,0,4
BRDA:9,1,1,3
BRDA:17,2,0,2
BRDA:17,2,1,1
BRDA:19,3,0,2
BRDA:19,3,1,0
BRDA:57,4,0,1
BRDA:57,4,1,0
BRF:10
BRH:8
end_of_record
TN:
SF:routes\homologacionRoutes.js
FNF:0
FNH:0
DA:1,1
DA:2,1
DA:3,1
DA:5,1
DA:6,1
DA:8,1
LF:6
LH:6
BRF:0
BRH:0
end_of_record
TN:
SF:services\oracleService.js
FN:3,buscarHomologacion
FN:16,obtenerCreditosPorCodigo
FN:29,obtenerPensumNuevo
FN:33,(anonymous_3)
FN:39,obtenerTotalCreditosPensumNuevo
FNF:5
FNH:3
FNDA:1,buscarHomologacion
FNDA:1,obtenerCreditosPorCodigo
FNDA:0,obtenerPensumNuevo
FNDA:0,(anonymous_3)
FNDA:1,obtenerTotalCreditosPensumNuevo
DA:1,3
DA:4,1
DA:5,1
DA:6,1
DA:10,1
DA:12,1
DA:17,1
DA:18,1
DA:19,1
DA:23,1
DA:25,1
DA:30,0
DA:31,0
DA:32,0
DA:33,0
DA:35,0
DA:40,1
DA:41,1
DA:42,1
DA:43,1
DA:45,1
DA:49,3
LF:22
LH:17
BRDA:23,0,0,0
BRDA:23,0,1,1
BRDA:43,1,0,1
BRDA:43,1,1,1
BRF:4
BRH:3
end_of_record
TN:
SF:utils\pdfFromHtml.js
FN:5,generarPDFDesdeHTML
FN:10,(anonymous_1)
FNF:2
FNH:2
FNDA:1,generarPDFDesdeHTML
FNDA:1,(anonymous_1)
DA:1,3
DA:2,3
DA:3,3
DA:6,1
DA:8,1
DA:10,1
DA:11,1
DA:20,1
DA:21,1
DA:22,1
DA:24,1
DA:31,1
DA:32,1
DA:33,1
DA:35,1
DA:36,1
DA:38,1
DA:39,1
DA:40,1
DA:43,3
LF:20
LH:20
BRF:0
BRH:0
end_of_record
